Chargement des modules

You can now load modules for a product belonging to Nvidia NVHPC.
To list Nvidia NVHPC modules type :
   module available

The modules are under the section /usr/local/nvidia/nvhpc/modulefiles

Loading python-tools/3.10.9
  Loading requirement: conda/22.11.1
Loading openblas/gnu/0.3.21
  Loading requirement: binutils/11.2.0 gnu/11.2.0
Chargement des modules terminés
Début des vérifications des sorties
Check base kernel . . .
src/tab.c:
./src/kernel/kernel_cpu.c:
src/check/driver_check.c:
Check kernel cuda . . .
GO
Fini
2.505638
0.840188
0.482491
Comparaison outputs base/cuda . . .
[42mSortie base/cuda semblable à 100.0%[0m
Vérifications terminées
Job Infos :
                Name : launch.slurm
                User : lsno2312
           Partition : small
              NNodes : 2
               Nodes : turpancomp[0-1]
               State : RUNNING
              Submit : 2023-07-05T11:17:25
               Start : 2023-07-05T11:17:26
                 End : Unknown
   Reserved walltime : 00:10:00
       Used walltime : 00:00:20
       Used CPU time : 00:00:00
 % User Computation) : Unknown
      % System (I/O) : Unknown
        Mem reserved : 1008G
        Max Mem used : Unknown
      Max Disk Write : Unknown
       Max Disk Read : Unknown
  Energy consumption : 0W.h

Debug Infos :
           BatchHost : turpancomp0
             Command : /users/m23012/lsno2312/gpumm/launch.slurm check cuda
              StdOut : /users/m23012/lsno2312/gpumm/slurm-8461.out
              StdErr : /users/m23012/lsno2312/gpumm/slurm-8461.out
             WorkDir : /users/m23012/lsno2312/gpumm
